<?xml version="1.0" encoding="UTF-8"?>
<!-- Generated by org.testng.reporters.JUnitXMLReporter -->
<testsuite hostname="Damiens-MacBook-Air.local" ignored="0" name="Default test" tests="4" failures="0" timestamp="2020-08-29T11:20:09 EDT" time="0.046" errors="0">
  <testcase name="testFour" time="0.007" classname="com.syntax.class1.TestNgIntro"/>
  <testcase name="testOne" time="0.0" classname="com.syntax.class1.TestNgIntro"/>
  <testcase name="testThree" time="0.002" classname="com.syntax.class1.TestNgIntro"/>
  <testcase name="testTwo" time="0.001" classname="com.syntax.class1.TestNgIntro"/>
</testsuite> <!-- Default test -->
